<?xml version="1.0" encoding="UTF-8" ?>
<testsuites errors="1"
            failures="0"
            tests="0">

  <testsuite name="test-with-pageobjects"
    errors="1" failures="0" hostname="" id="" package="test-with-pageobjects" skipped="2"
    tests="0" time="0.000" timestamp="">
  

  
    <system-err>
        Error: An error occurred while retrieving a new session: &#34;session not created: This version of ChromeDriver only supports Chrome version 96&#34;
       at endReadableNT (internal/streams/readable.js:1334:12)
       at processTicksAndRejections (internal/process/task_queues.js:82:21)
  Error: An error occurred while retrieving a new session: &#34;session not created: This version of ChromeDriver only supports Chrome version 96&#34;
       at endReadableNT (internal/streams/readable.js:1334:12)
       at processTicksAndRejections (internal/process/task_queues.js:82:21)
    </system-err>
  

    
    <error message="An error occurred while retrieving a new session: &#34;session not created: This version of ChromeDriver only supports Chrome version 96&#34;"><![CDATA[
      Error: An error occurred while retrieving a new session: &#34;session not created: This version of ChromeDriver only supports Chrome version 96&#34;
    at JsonWireProtocol.handleSessionCreateError (/Users/guillaume/cours/S9/Data-Engineering-II/projects/Data_engineering_final_project/front/node_modules/nightwatch/lib/transport/transport.js:110:15)
    at HttpRequest.&lt;anonymous&gt; (/Users/guillaume/cours/S9/Data-Engineering-II/projects/Data_engineering_final_project/front/node_modules/nightwatch/lib/transport/transport.js:175:16)
    at HttpRequest.emit (events.js:400:28)
    at HttpResponse.&lt;anonymous&gt; (/Users/guillaume/cours/S9/Data-Engineering-II/projects/Data_engineering_final_project/front/node_modules/nightwatch/lib/http/request.js:143:19)
    at HttpResponse.emit (events.js:400:28)
    at IncomingMessage.&lt;anonymous&gt; (/Users/guillaume/cours/S9/Data-Engineering-II/projects/Data_engineering_final_project/front/node_modules/nightwatch/lib/http/response.js:58:14)
    at IncomingMessage.emit (events.js:412:35)
    at endReadableNT (internal/streams/readable.js:1334:12)
    at processTicksAndRejections (internal/process/task_queues.js:82:21)
      ]]></error>  

  
    
    <testcase
      name="e2e tests using page objects" classname="test-with-pageobjects">
      <skipped />
    </testcase>
    
    <testcase
      name="verify if string &#34;e2e-nightwatch&#34; is within the cli plugin links" classname="test-with-pageobjects">
      <skipped />
    </testcase>
    
  
  </testsuite>
</testsuites>
